FRAME NUMBER;POSITION;ID;BALL
805;(816, 573);37;False
805;(960, 537);62;False
805;(695, 527);108;False
805;(1094, 485);51;False
805;(698, 492);26;False
805;(52, 466);99;False
805;(1002, 435);59;False
805;(672, 416);35;False
805;(390, 410);29;False
805;(389, 394);110;False
805;(700, 380);86;False
805;(744, 309);42;False
805;(955, 282);33;False
805;(397, 264);24;False
806;(816, 573);37;False
806;(960, 537);62;False
806;(695, 527);108;False
806;(1094, 485);51;False
806;(696, 492);26;False
806;(58, 467);99;False
806;(998, 435);59;False
806;(672, 416);35;False
806;(390, 410);29;False
806;(389, 394);110;False
806;(700, 380);86;False
806;(744, 309);42;False
806;(955, 282);33;False
806;(395, 268);24;False
807;(817, 573);37;False
807;(960, 537);62;False
807;(702, 531);108;False
807;(1094, 485);51;False
807;(696, 492);26;False
807;(64, 469);99;False
807;(997, 433);59;False
807;(672, 415);35;False
807;(390, 410);29;False
807;(389, 394);110;False
807;(700, 380);86;False
807;(744, 309);42;False
807;(979, 298);111;False
807;(392, 269);24;False
807;(955, 282);33;False
808;(818, 573);37;False
808;(960, 537);62;False
808;(703, 531);108;True
808;(1094, 485);51;False
808;(696, 492);26;False
808;(69, 471);99;False
808;(998, 433);59;False
808;(672, 415);35;False
808;(390, 410);29;False
808;(389, 395);110;False
808;(701, 380);86;False
808;(744, 309);42;False
808;(955, 282);33;False
808;(390, 270);24;False
809;(818, 573);37;False
809;(960, 537);62;False
809;(703, 531);108;True
809;(1094, 485);51;False
809;(696, 491);26;False
809;(79, 473);99;False
809;(993, 432);59;False
809;(672, 414);35;False
809;(390, 410);29;False
809;(389, 394);110;False
809;(701, 380);86;False
809;(744, 309);42;False
809;(974, 282);33;False
809;(386, 271);24;False
810;(819, 573);37;False
810;(960, 537);62;False
810;(695, 492);26;False
810;(1094, 486);51;False
810;(90, 471);99;False
810;(229, 471);112;False
810;(991, 431);59;False
810;(672, 414);35;False
810;(389, 395);110;False
810;(701, 380);86;False
810;(744, 309);42;False
810;(968, 282);33;False
810;(383, 272);24;False
811;(819, 573);37;False
811;(960, 537);62;False
811;(694, 492);26;False
811;(1094, 486);51;False
811;(97, 472);99;False
811;(262, 467);112;False
811;(989, 430);59;False
811;(672, 413);35;False
811;(390, 410);113;False
811;(389, 395);110;False
811;(701, 380);86;False
811;(745, 309);42;False
811;(975, 301);114;False
811;(381, 274);24;False
811;(956, 282);33;False
812;(819, 573);37;False
812;(960, 537);62;False
812;(694, 492);26;False
812;(1094, 486);51;False
812;(111, 467);99;False
812;(300, 461);112;True
812;(988, 429);59;False
812;(671, 413);35;False
812;(390, 410);113;False
812;(389, 395);110;False
812;(701, 380);86;False
812;(745, 309);42;False
812;(377, 272);24;False
812;(966, 282);33;False
813;(820, 573);37;False
813;(960, 537);62;False
813;(694, 492);26;False
813;(1098, 495);51;False
813;(122, 462);99;False
813;(352, 454);112;True
813;(986, 430);59;False
813;(671, 411);35;False
813;(390, 410);113;False
813;(389, 395);110;False
813;(701, 380);86;False
813;(745, 309);42;False
813;(376, 277);24;False
813;(974, 301);115;False
813;(955, 282);33;False
814;(820, 573);37;False
814;(960, 537);62;False
814;(694, 493);26;False
814;(1095, 485);51;False
814;(125, 460);99;False
814;(368, 451);112;False
814;(986, 430);59;False
814;(671, 411);35;True
814;(389, 395);110;False
814;(701, 380);86;False
814;(745, 309);42;False
814;(374, 283);24;False
814;(955, 282);33;False
815;(821, 573);37;False
815;(961, 537);62;False
815;(694, 493);26;False
815;(1098, 490);51;False
815;(138, 457);99;False
815;(418, 444);112;True
815;(986, 430);59;False
815;(670, 409);35;False
815;(389, 395);110;False
815;(701, 386);86;False
815;(745, 309);42;False
815;(371, 288);24;False
815;(955, 282);33;False
816;(822, 573);37;False
816;(963, 537);62;False
816;(694, 493);26;False
816;(1098, 494);51;False
816;(149, 456);99;False
816;(986, 431);59;False
816;(461, 436);116;False
816;(670, 406);35;False
816;(390, 410);117;False
816;(389, 395);110;False
816;(701, 385);86;False
816;(745, 309);42;False
816;(369, 292);24;False
816;(955, 283);33;False
817;(824, 573);37;False
817;(963, 537);62;False
817;(694, 493);26;False
817;(1095, 485);51;False
817;(152, 456);99;False
817;(986, 430);59;False
817;(483, 434);116;True
817;(669, 405);35;False
817;(390, 410);117;False
817;(389, 395);110;False
817;(701, 379);86;False
817;(745, 309);42;False
817;(368, 293);24;False
817;(955, 283);33;False
818;(826, 572);37;False
818;(963, 537);62;False
818;(694, 493);26;False
818;(1095, 486);51;False
818;(154, 456);99;False
818;(986, 429);59;False
818;(528, 429);116;True
818;(669, 403);35;False
818;(390, 410);117;False
818;(389, 395);110;False
818;(702, 379);86;False
818;(745, 309);42;False
818;(365, 293);24;False
818;(955, 283);33;False
819;(828, 571);37;False
819;(963, 537);62;False
819;(694, 493);26;False
819;(1095, 486);51;False
819;(155, 456);99;False
819;(985, 426);59;False
819;(668, 400);35;False
819;(576, 422);116;False
819;(390, 410);117;False
819;(389, 395);110;False
819;(702, 379);86;False
819;(362, 294);24;False
819;(745, 310);42;False
819;(955, 283);33;False
820;(829, 570);37;False
820;(963, 532);62;False
820;(694, 493);26;False
820;(1095, 486);51;False
820;(156, 456);99;False
820;(985, 425);59;False
820;(666, 398);35;False
820;(600, 419);116;False
820;(390, 410);117;False
820;(389, 395);110;False
820;(702, 379);86;False
820;(360, 295);24;False
820;(745, 309);42;False
820;(955, 283);33;False
821;(827, 568);37;False
821;(963, 533);62;False
821;(694, 493);26;False
821;(1097, 489);51;False
821;(160, 453);99;False
821;(986, 422);59;False
821;(646, 396);35;False
821;(390, 410);117;False
821;(389, 395);110;False
821;(702, 380);86;False
821;(358, 298);24;False
821;(745, 310);42;False
821;(955, 283);33;False
822;(827, 568);37;False
822;(963, 538);62;False
822;(694, 493);26;False
822;(1098, 489);51;False
822;(163, 449);99;False
822;(985, 418);59;False
822;(662, 381);35;False
822;(390, 410);117;False
822;(389, 394);110;False
822;(355, 302);24;False
822;(745, 309);42;False
822;(955, 283);33;False
823;(827, 571);37;False
823;(963, 542);62;False
823;(694, 493);26;False
823;(1106, 490);51;False
823;(166, 448);99;False
823;(985, 417);59;False
823;(661, 391);35;False
823;(390, 410);117;False
823;(702, 385);118;False
823;(389, 395);110;False
823;(355, 304);24;False
823;(745, 309);42;False
823;(956, 282);33;False
824;(827, 573);37;False
824;(963, 548);62;False
824;(694, 493);26;False
824;(1098, 490);51;False
824;(172, 443);99;False
824;(985, 410);59;False
824;(656, 387);35;False
824;(702, 386);118;False
824;(389, 395);110;False
824;(750, 397);119;False
824;(352, 313);24;False
824;(745, 308);42;False
824;(957, 280);33;False
825;(824, 569);37;False
825;(963, 556);62;False
825;(694, 493);26;False
825;(1106, 491);51;False
825;(178, 438);99;False
825;(985, 404);59;False
825;(653, 384);35;False
825;(701, 382);118;False
825;(389, 396);110;False
825;(789, 392);119;False
825;(350, 323);24;False
825;(744, 310);42;False
825;(957, 278);33;False
826;(826, 567);37;False
826;(963, 559);62;False
826;(694, 493);26;False
826;(1098, 490);51;False
826;(181, 436);99;False
826;(984, 402);59;False
826;(653, 382);35;False
826;(700, 387);118;False
826;(389, 396);110;False
826;(809, 389);119;False
826;(349, 328);24;False
826;(746, 309);42;False
826;(957, 278);33;False
827;(963, 562);62;False
827;(832, 571);37;False
827;(694, 493);26;False
827;(1098, 491);51;False
827;(186, 435);99;False
827;(984, 400);59;False
827;(653, 379);35;False
827;(389, 396);110;False
827;(700, 389);118;False
827;(843, 384);119;True
827;(346, 336);24;False
827;(751, 309);42;False
827;(957, 277);33;False
828;(963, 563);62;False
828;(838, 565);37;False
828;(694, 493);26;False
828;(1098, 491);51;False
828;(192, 435);99;False
828;(985, 397);59;False
828;(654, 378);35;False
828;(699, 387);118;False
828;(389, 396);110;False
828;(884, 380);119;True
828;(341, 337);24;False
828;(755, 309);42;False
828;(957, 275);33;False
829;(963, 563);62;False
829;(841, 557);37;False
829;(694, 493);26;False
829;(1098, 491);51;False
829;(195, 434);99;False
829;(984, 397);59;False
829;(390, 396);110;False
829;(701, 386);118;False
829;(656, 377);35;False
829;(896, 379);119;True
829;(340, 338);24;False
829;(755, 307);42;False
829;(957, 275);33;False
830;(965, 562);62;False
830;(847, 549);37;False
830;(694, 493);26;False
830;(1098, 491);51;False
830;(203, 430);99;False
830;(984, 390);59;False
830;(390, 396);110;False
830;(698, 387);118;False
830;(656, 376);35;False
830;(926, 374);119;False
830;(337, 344);24;False
830;(758, 307);42;False
830;(957, 273);33;False
831;(972, 570);62;False
831;(853, 546);37;False
831;(694, 493);26;False
831;(1098, 491);51;False
831;(208, 426);99;False
831;(985, 384);59;False
831;(696, 389);118;False
831;(389, 397);110;False
831;(655, 374);35;False
831;(335, 346);24;False
831;(955, 371);119;False
831;(757, 307);42;False
831;(957, 272);33;False
832;(965, 563);62;False
832;(853, 544);37;False
832;(694, 493);26;False
832;(1098, 483);51;False
832;(210, 424);99;False
832;(986, 379);59;False
832;(694, 389);118;False
832;(389, 396);110;False
832;(654, 374);35;False
832;(334, 348);24;False
832;(970, 369);119;False
832;(757, 307);42;False
832;(957, 270);33;False
833;(965, 567);62;False
833;(854, 541);37;False
833;(694, 493);26;False
833;(1098, 484);51;False
833;(215, 421);99;False
833;(988, 370);59;False
833;(694, 392);118;False
833;(389, 395);110;False
833;(333, 354);24;False
833;(653, 372);35;False
833;(757, 307);42;False
833;(957, 270);33;False
834;(965, 572);62;False
834;(857, 533);37;False
834;(694, 493);26;False
834;(1098, 484);51;False
834;(221, 416);99;False
834;(991, 361);59;False
834;(695, 394);118;False
834;(390, 395);110;False
834;(332, 363);24;False
834;(652, 370);35;True
834;(757, 307);42;False
834;(957, 269);33;False
835;(965, 576);62;False
835;(858, 531);37;False
835;(694, 493);26;False
835;(1098, 484);51;False
835;(225, 413);99;False
835;(992, 358);59;False
835;(693, 395);118;False
835;(390, 395);110;False
835;(331, 366);24;False
835;(652, 365);35;False
835;(757, 309);42;False
835;(957, 268);33;False
836;(965, 577);62;False
836;(864, 529);37;False
836;(695, 493);26;False
836;(1098, 484);51;False
836;(232, 408);99;False
836;(694, 398);118;True
836;(998, 352);59;False
836;(386, 395);110;False
836;(328, 377);24;False
836;(652, 358);35;False
836;(757, 312);42;False
836;(957, 265);33;False
837;(967, 584);62;False
837;(882, 529);37;False
837;(695, 493);26;False
837;(1098, 484);51;False
837;(237, 403);99;False
837;(328, 389);24;False
837;(691, 399);118;True
837;(1000, 350);59;False
837;(653, 353);35;False
837;(757, 312);42;False
837;(957, 264);33;False
838;(967, 584);62;False
838;(880, 529);37;False
838;(695, 493);26;False
838;(1098, 483);51;False
838;(240, 401);99;False
838;(325, 390);24;False
838;(691, 399);118;False
838;(1003, 346);59;False
838;(652, 352);35;False
838;(757, 312);42;False
838;(957, 260);33;False
839;(968, 584);62;False
839;(881, 529);37;False
839;(695, 493);26;False
839;(1098, 483);51;False
839;(243, 397);99;False
839;(327, 391);24;False
839;(693, 399);118;False
839;(1008, 349);59;False
839;(652, 349);35;False
839;(1074, 341);120;True
839;(757, 312);42;False
839;(957, 259);33;False
840;(970, 584);62;False
840;(886, 528);37;False
840;(1106, 484);51;False
840;(695, 493);26;False
840;(247, 391);24;False
840;(692, 398);118;False
840;(1013, 349);59;False
840;(653, 349);35;False
840;(760, 312);42;False
840;(1085, 334);120;False
840;(957, 256);33;False
841;(973, 585);62;False
841;(887, 527);37;False
841;(697, 525);121;False
841;(1106, 484);51;False
841;(695, 493);26;False
841;(248, 389);24;False
841;(691, 397);118;False
841;(1017, 349);59;False
841;(653, 347);35;False
841;(763, 312);42;False
841;(1091, 329);120;False
841;(957, 255);33;False
842;(973, 585);62;False
842;(887, 520);37;False
842;(1106, 483);51;False
842;(696, 493);26;False
842;(253, 382);24;False
842;(379, 397);122;False
842;(690, 397);118;False
842;(1019, 351);59;False
842;(653, 343);35;False
842;(767, 312);42;False
842;(1104, 320);120;False
842;(957, 252);33;False
843;(975, 584);62;False
843;(888, 514);37;False
843;(698, 528);123;False
843;(1107, 482);51;False
843;(695, 493);26;False
843;(327, 397);122;False
843;(690, 397);118;False
843;(258, 374);24;False
843;(1021, 352);59;False
843;(654, 339);35;False
843;(771, 313);42;False
843;(1117, 311);120;True
843;(957, 250);33;False
844;(975, 584);62;False
844;(888, 510);37;False
844;(1109, 481);51;False
844;(328, 397);122;False
844;(689, 397);118;False
844;(261, 371);24;False
844;(1021, 352);59;False
844;(656, 338);35;False
844;(773, 313);42;False
844;(1122, 307);120;True
844;(957, 248);33;False
845;(975, 583);62;False
845;(891, 503);37;False
845;(1111, 480);51;False
845;(696, 493);124;False
845;(330, 397);122;False
845;(688, 397);118;False
845;(266, 365);24;False
845;(1023, 351);59;False
845;(657, 335);35;False
845;(776, 314);42;False
845;(1134, 298);120;True
845;(956, 248);33;False
846;(975, 584);62;False
846;(891, 499);37;False
846;(1113, 479);51;False
846;(329, 423);122;False
846;(375, 398);125;False
846;(688, 397);118;False
846;(273, 364);24;False
846;(1024, 348);59;False
846;(662, 332);35;False
846;(779, 314);42;False
846;(1148, 288);120;False
846;(957, 248);33;False
847;(975, 583);62;False
847;(893, 499);37;False
847;(1098, 478);51;False
847;(329, 428);122;False
847;(375, 398);125;False
847;(688, 397);118;False
847;(278, 361);24;False
847;(1024, 347);59;False
847;(663, 330);35;False
847;(779, 314);42;False
847;(1155, 283);120;True
847;(956, 247);33;False
848;(974, 590);62;False
848;(698, 526);126;False
848;(901, 494);37;False
848;(1098, 477);51;False
848;(329, 431);122;False
848;(375, 398);125;False
848;(686, 398);118;False
848;(280, 356);24;False
848;(1028, 344);59;False
848;(778, 314);42;False
848;(662, 328);35;False
848;(956, 246);33;False
848;(1165, 272);120;True
849;(974, 595);62;False
849;(698, 526);126;False
849;(906, 490);37;False
849;(1098, 477);51;False
849;(694, 488);127;False
849;(328, 437);122;False
849;(375, 397);125;False
849;(686, 398);118;False
849;(288, 352);24;False
849;(1028, 341);59;False
849;(778, 315);42;False
849;(662, 325);35;False
849;(957, 246);33;False
849;(1177, 263);120;False
850;(973, 598);62;False
850;(698, 526);126;False
850;(910, 489);37;False
850;(1098, 477);51;False
850;(694, 486);127;False
850;(326, 437);122;False
850;(375, 397);125;False
850;(687, 399);118;False
850;(291, 349);24;False
850;(1028, 339);59;False
850;(778, 314);42;False
850;(662, 322);35;False
850;(957, 245);33;False
850;(1184, 257);120;False
851;(974, 605);62;False
851;(698, 510);126;False
851;(914, 486);37;False
851;(1098, 477);51;False
851;(693, 487);127;False
851;(326, 438);122;False
851;(392, 413);128;False
851;(687, 399);118;False
851;(375, 393);125;False
851;(293, 345);24;False
851;(1028, 338);59;False
851;(778, 312);42;False
851;(661, 320);35;False
851;(962, 243);33;False
851;(1195, 246);120;True
852;(975, 612);62;False
852;(956, 596);129;False
852;(698, 526);126;False
852;(1098, 473);51;False
852;(919, 476);37;False
852;(693, 488);127;False
852;(327, 440);122;False
852;(374, 391);125;False
852;(686, 400);118;False
852;(298, 340);24;False
852;(1028, 336);59;False
852;(778, 307);42;False
852;(662, 315);35;False
852;(968, 243);33;False
852;(1208, 235);120;True
853;(956, 598);62;False
853;(698, 510);126;False
853;(1097, 469);51;False
853;(922, 473);37;False
853;(328, 443);122;False
853;(375, 389);125;False
853;(686, 399);118;False
853;(1026, 334);59;False
853;(301, 338);24;False
853;(778, 305);42;False
853;(661, 312);35;False
853;(970, 239);33;False
853;(1210, 229);120;True
854;(957, 601);62;False
854;(698, 510);126;False
854;(1098, 464);51;False
854;(924, 467);37;False
854;(330, 445);122;False
854;(375, 387);125;False
854;(686, 398);118;False
854;(1025, 332);59;False
854;(307, 334);24;False
854;(778, 299);42;False
854;(661, 307);35;False
854;(977, 240);33;False
854;(1218, 218);120;True
855;(959, 606);62;False
855;(698, 510);126;False
855;(1101, 458);51;False
855;(926, 456);37;False
855;(333, 450);122;False
855;(685, 395);118;False
855;(375, 386);125;False
855;(1027, 329);59;False
855;(312, 330);24;False
855;(779, 295);42;False
855;(662, 303);35;False
855;(986, 238);33;False
855;(1225, 208);120;True
856;(969, 614);62;False
856;(695, 510);126;False
856;(1104, 456);51;False
856;(928, 451);37;False
856;(334, 453);122;False
856;(686, 394);118;False
856;(375, 384);125;False
856;(1027, 328);59;False
856;(781, 292);42;False
856;(315, 326);24;False
856;(662, 302);35;False
856;(990, 238);33;False
856;(1229, 202);120;True
857;(972, 614);62;False
857;(692, 510);126;False
857;(929, 445);37;False
857;(1108, 451);51;False
857;(336, 459);122;False
857;(686, 393);118;False
857;(376, 384);125;False
857;(1031, 328);59;False
857;(785, 286);42;False
857;(317, 322);24;False
857;(665, 301);35;False
857;(1000, 238);33;False
857;(1234, 192);120;True
858;(972, 615);62;False
858;(930, 442);37;False
858;(337, 466);122;False
858;(1111, 450);51;False
858;(686, 392);118;False
858;(376, 381);125;False
858;(1033, 326);59;False
858;(790, 281);42;False
858;(321, 318);24;False
858;(669, 297);35;False
858;(1005, 237);33;False
858;(1238, 184);120;True
859;(973, 614);62;False
859;(338, 470);122;False
859;(929, 441);37;False
859;(1112, 448);51;False
859;(686, 392);118;False
859;(377, 381);125;False
859;(1034, 326);59;False
859;(793, 279);42;False
859;(673, 295);35;False
859;(324, 316);24;False
859;(1005, 237);33;False
859;(1239, 179);120;True
860;(973, 621);62;False
860;(339, 475);122;False
860;(928, 441);37;False
860;(1112, 448);51;False
860;(686, 391);118;False
860;(378, 380);125;False
860;(1037, 326);59;False
860;(800, 275);42;False
860;(674, 291);35;False
860;(328, 314);24;False
860;(1005, 236);33;False
860;(1241, 169);120;True
861;(972, 614);62;False
861;(341, 476);122;False
861;(1114, 445);51;False
861;(925, 441);37;False
861;(686, 388);118;False
861;(379, 379);125;False
861;(1037, 326);59;False
861;(807, 271);42;False
861;(333, 314);24;False
861;(675, 288);35;False
861;(1005, 234);33;False
861;(1241, 162);120;True
862;(967, 614);62;False
862;(698, 510);130;False
862;(342, 476);122;False
862;(1114, 443);51;False
862;(924, 440);37;False
862;(685, 388);118;False
862;(379, 379);125;False
862;(1037, 326);59;False
862;(808, 269);42;False
862;(336, 312);24;False
862;(676, 286);35;False
862;(1005, 233);33;False
862;(1238, 158);120;True
863;(965, 615);62;False
863;(698, 510);130;False
863;(343, 477);122;False
863;(1117, 440);51;False
863;(923, 440);37;False
863;(685, 386);118;False
863;(381, 379);125;False
863;(1039, 325);59;False
863;(346, 310);24;False
863;(811, 266);42;False
863;(677, 283);35;False
863;(1005, 232);33;False
863;(1236, 153);120;True
864;(968, 616);62;False
864;(698, 510);130;False
864;(345, 475);122;False
864;(1120, 435);51;False
864;(926, 439);37;False
864;(382, 379);125;False
864;(685, 384);118;False
864;(1040, 325);59;False
864;(354, 307);24;False
864;(818, 264);42;False
864;(677, 281);35;False
864;(1004, 232);33;False
864;(1229, 147);120;True
865;(968, 620);62;False
865;(697, 509);130;False
865;(347, 475);122;False
865;(1121, 433);51;False
865;(929, 434);37;False
865;(384, 378);125;False
865;(685, 384);118;False
865;(1040, 325);59;False
865;(357, 307);24;False
865;(819, 263);42;False
865;(678, 279);35;False
865;(1003, 233);33;False
865;(1225, 144);120;True
866;(968, 614);62;False
866;(698, 509);130;False
866;(350, 487);122;False
866;(1125, 427);51;False
866;(931, 432);37;False
866;(386, 379);125;False
866;(685, 382);118;False
866;(1042, 325);59;False
866;(360, 304);24;False
866;(820, 259);42;False
866;(678, 277);35;False
866;(1003, 233);33;False
866;(1217, 141);120;True
867;(968, 614);62;False
867;(695, 507);130;False
867;(352, 491);122;False
867;(1124, 422);51;False
867;(931, 421);37;False
867;(386, 379);125;False
867;(685, 380);118;False
867;(1043, 327);59;False
867;(365, 301);24;False
867;(820, 256);42;False
867;(679, 275);35;False
867;(1003, 232);33;False
867;(1211, 138);120;True
868;(969, 625);62;False
868;(695, 507);130;False
868;(353, 494);122;False
868;(1124, 418);51;False
868;(934, 419);37;False
868;(387, 380);125;False
868;(685, 379);118;False
868;(1043, 327);59;False
868;(368, 299);24;False
868;(821, 256);42;False
868;(679, 274);35;False
868;(1003, 232);33;False
868;(1203, 137);120;True
869;(974, 629);62;False
869;(692, 506);130;False
869;(355, 500);122;False
869;(1124, 414);51;False
869;(939, 414);37;False
869;(389, 381);125;False
869;(685, 378);118;False
869;(1045, 328);59;False
869;(376, 296);24;False
869;(824, 253);42;False
869;(679, 272);35;False
869;(1004, 232);33;False
869;(1192, 136);120;True
870;(974, 630);62;False
870;(356, 496);122;False
870;(692, 507);130;False
870;(944, 410);37;False
870;(1123, 410);51;False
870;(390, 382);125;False
870;(686, 377);118;False
870;(1047, 328);59;False
870;(381, 294);24;False
870;(828, 251);42;False
870;(679, 270);35;False
870;(1005, 230);33;False
870;(1178, 136);120;True
871;(973, 630);62;False
871;(357, 499);122;False
871;(692, 506);130;False
871;(947, 409);37;False
871;(1123, 409);51;False
871;(391, 384);125;False
871;(686, 376);118;False
871;(1048, 329);59;False
871;(384, 293);24;False
871;(831, 251);42;False
871;(680, 269);35;False
871;(1005, 229);33;False
871;(1168, 137);120;True
872;(973, 633);62;False
872;(358, 495);122;False
872;(692, 505);130;False
872;(1124, 403);51;False
872;(949, 403);37;False
872;(392, 384);125;False
872;(687, 375);118;False
872;(1050, 332);59;False
872;(389, 290);24;False
872;(837, 253);42;False
872;(680, 267);35;False
872;(1005, 226);33;False
872;(1153, 139);120;False
873;(961, 614);62;False
873;(359, 502);122;False
873;(692, 505);130;False
873;(1124, 397);51;False
873;(949, 397);37;False
873;(392, 385);125;False
873;(687, 374);118;False
873;(1050, 334);59;False
873;(392, 288);24;False
873;(841, 254);42;False
873;(680, 264);35;False
873;(1005, 223);33;False
873;(1143, 141);120;True
874;(960, 615);62;False
874;(360, 503);122;False
874;(691, 486);130;False
874;(1124, 394);51;False
874;(949, 393);37;False
874;(392, 384);125;False
874;(688, 374);118;False
874;(1050, 335);59;False
874;(393, 286);24;False
874;(843, 256);42;False
874;(680, 262);35;False
874;(1005, 222);33;False
874;(1134, 142);120;True
875;(960, 620);62;False
875;(361, 503);122;False
875;(691, 492);130;False
875;(1125, 386);51;False
875;(949, 389);37;False
875;(393, 381);125;False
875;(688, 373);118;False
875;(1050, 336);59;False
875;(397, 284);24;False
875;(844, 257);42;False
875;(680, 260);35;False
875;(1003, 221);33;False
875;(1118, 145);120;False
876;(960, 616);62;False
876;(364, 503);122;False
876;(691, 491);130;False
876;(1130, 379);51;False
876;(949, 386);37;False
876;(393, 384);125;False
876;(689, 371);118;False
876;(1050, 337);59;False
876;(401, 282);24;False
876;(681, 257);35;False
876;(844, 257);42;False
876;(1003, 220);33;False
876;(1101, 150);120;True
877;(957, 614);62;False
877;(365, 500);122;False
877;(691, 486);130;False
877;(949, 385);37;False
877;(1130, 379);51;False
877;(393, 380);125;False
877;(690, 371);118;False
877;(1050, 340);59;False
877;(402, 281);24;False
877;(682, 255);35;False
877;(844, 257);42;False
877;(1002, 221);33;False
877;(1091, 153);120;False
878;(956, 621);62;False
878;(367, 501);122;False
878;(690, 486);130;False
878;(949, 384);37;False
878;(1132, 374);51;False
878;(393, 380);125;False
878;(691, 370);118;False
878;(1050, 343);59;False
878;(405, 279);24;False
878;(683, 252);35;False
878;(845, 256);42;False
878;(1003, 222);33;False
878;(1077, 159);120;True
879;(956, 606);62;False
879;(370, 499);122;False
879;(692, 504);130;False
879;(949, 383);37;False
879;(1133, 365);51;False
879;(393, 381);125;False
879;(691, 369);118;False
879;(1050, 346);59;False
879;(409, 281);24;False
879;(686, 249);35;False
879;(850, 256);42;False
879;(1001, 225);33;False
879;(1059, 163);120;True
880;(956, 614);62;False
880;(371, 502);122;False
880;(691, 488);130;False
880;(949, 380);37;False
880;(393, 379);125;False
880;(1132, 360);51;False
880;(691, 368);118;False
880;(1050, 347);59;False
880;(411, 276);24;False
880;(685, 248);35;False
880;(1000, 226);33;False
880;(851, 254);42;False
880;(1051, 165);120;True
881;(941, 600);62;False
881;(373, 502);122;False
881;(692, 504);130;False
881;(951, 381);37;False
881;(393, 378);125;False
881;(1130, 352);51;False
881;(691, 367);118;False
881;(1051, 349);59;False
881;(415, 277);24;False
881;(687, 246);35;False
881;(999, 233);33;False
881;(856, 253);42;False
881;(1036, 171);120;True
882;(953, 613);62;False
882;(940, 598);131;False
882;(375, 502);122;False
882;(692, 504);130;False
882;(953, 381);37;False
882;(393, 376);125;False
882;(1126, 346);51;False
882;(692, 366);118;False
882;(1053, 352);59;False
882;(419, 275);24;False
882;(1000, 239);33;False
882;(686, 243);35;False
882;(861, 250);42;False
882;(1018, 176);120;True
883;(939, 599);62;False
883;(375, 504);122;False
883;(691, 493);130;False
883;(954, 381);37;False
883;(393, 373);125;False
883;(1126, 343);51;False
883;(691, 365);118;False
883;(1053, 352);59;False
883;(421, 274);24;False
883;(1000, 242);33;False
883;(686, 243);35;False
883;(863, 249);42;False
883;(1011, 179);120;False
884;(936, 598);62;False
884;(376, 507);122;False
884;(691, 493);130;False
884;(958, 378);37;False
884;(392, 371);125;False
884;(1053, 339);51;False
884;(692, 363);118;False
884;(426, 272);24;False
884;(1000, 249);33;False
884;(861, 246);42;False
884;(686, 241);35;False
884;(994, 186);120;True
885;(955, 614);62;False
885;(936, 601);132;False
885;(376, 512);122;False
885;(691, 493);130;False
885;(392, 368);125;False
885;(960, 373);37;False
885;(1055, 357);133;False
885;(693, 363);118;False
885;(1119, 336);51;False
885;(429, 272);24;False
885;(998, 252);33;False
885;(861, 243);42;False
885;(686, 240);35;False
885;(981, 192);120;True
886;(956, 614);62;False
886;(936, 601);132;False
886;(377, 513);122;False
886;(690, 493);130;False
886;(392, 368);125;False
886;(960, 371);37;False
886;(1055, 358);133;False
886;(692, 363);118;False
886;(1117, 336);51;False
886;(430, 271);24;False
886;(1000, 253);33;False
886;(862, 242);42;False
886;(686, 240);35;False
886;(973, 195);120;True
887;(935, 600);62;False
887;(378, 518);122;False
887;(691, 493);130;False
887;(392, 365);125;False
887;(1056, 361);133;False
887;(960, 372);37;False
887;(692, 362);118;False
887;(1116, 333);51;False
887;(432, 270);24;False
887;(1000, 254);33;False
887;(862, 237);42;False
887;(686, 238);35;False
887;(960, 201);120;True
888;(954, 613);62;False
888;(931, 601);134;False
888;(378, 520);122;False
888;(691, 493);130;False
888;(1054, 365);133;False
888;(392, 363);125;False
888;(957, 371);37;False
888;(691, 360);118;False
888;(1115, 328);51;False
888;(434, 270);24;False
888;(999, 255);33;False
888;(864, 231);42;False
888;(686, 238);35;False
888;(947, 207);120;True
889;(954, 613);62;False
889;(931, 600);134;False
889;(379, 520);122;False
889;(690, 493);130;False
889;(1055, 366);133;False
889;(391, 363);125;False
889;(955, 365);37;False
889;(692, 359);118;False
889;(1114, 325);51;False
889;(435, 269);24;False
889;(1001, 256);33;False
889;(864, 227);42;False
889;(686, 236);35;False
889;(941, 211);120;True
890;(923, 588);62;False
890;(380, 521);122;False
890;(689, 493);130;False
890;(1055, 371);133;False
890;(391, 363);125;False
890;(950, 363);37;False
890;(692, 359);118;False
890;(1114, 321);51;False
890;(436, 268);24;False
890;(999, 256);33;False
890;(866, 217);42;False
890;(686, 237);35;False
891;(922, 587);62;False
891;(381, 523);122;False
891;(689, 493);130;False
891;(1055, 374);133;False
891;(391, 363);125;False
891;(945, 361);37;False
891;(692, 358);118;False
891;(1114, 314);51;False
891;(438, 268);24;False
891;(990, 256);33;False
891;(685, 235);35;False
891;(869, 217);42;False
892;(921, 587);62;False
892;(381, 523);122;False
892;(688, 493);130;False
892;(1055, 374);133;False
892;(390, 363);125;False
892;(942, 359);37;False
892;(691, 357);118;False
892;(1114, 312);51;False
892;(438, 268);24;False
892;(987, 256);33;False
892;(685, 235);35;False
892;(865, 214);42;False
893;(920, 587);62;False
893;(382, 513);122;False
893;(688, 493);130;False
893;(1055, 376);133;False
893;(390, 363);125;False
893;(936, 355);37;False
893;(691, 356);118;False
893;(1114, 309);51;False
893;(440, 267);24;False
893;(979, 256);33;False
893;(685, 235);35;False
893;(865, 208);42;False
894;(920, 590);62;False
894;(383, 521);122;False
894;(688, 493);130;False
894;(1055, 377);133;False
894;(389, 364);125;False
894;(931, 352);37;False
894;(691, 355);118;False
894;(1114, 305);51;False
894;(443, 266);24;False
894;(975, 256);33;False
894;(685, 235);35;False
894;(866, 214);42;False
894;(966, 202);135;True
895;(921, 587);62;False
895;(383, 514);122;False
895;(696, 506);130;False
895;(1056, 379);133;False
895;(389, 364);125;False
895;(929, 351);37;False
895;(691, 354);118;False
895;(1114, 304);51;False
895;(443, 265);24;False
895;(974, 256);33;False
895;(684, 234);35;False
895;(867, 214);42;False
895;(972, 198);135;True
896;(918, 588);62;False
896;(384, 517);122;False
896;(688, 493);130;False
896;(1054, 385);133;False
896;(389, 366);125;False
896;(926, 348);37;False
896;(691, 353);118;False
896;(1111, 301);51;False
896;(446, 265);24;False
896;(974, 256);33;False
896;(682, 234);35;False
896;(869, 211);42;False
896;(985, 193);135;True
897;(920, 597);62;False
897;(384, 517);122;False
897;(698, 512);136;False
897;(687, 497);130;False
897;(1051, 390);133;False
897;(389, 368);125;False
897;(690, 353);118;False
897;(925, 348);37;False
897;(1101, 295);51;False
897;(448, 264);24;False
897;(974, 256);33;False
897;(682, 234);35;False
897;(868, 210);42;False
897;(1003, 187);135;True
898;(918, 588);62;False
898;(384, 517);122;False
898;(686, 497);136;False
898;(1050, 392);133;False
898;(388, 368);125;False
898;(689, 352);118;False
898;(923, 347);37;False
898;(1096, 293);51;False
898;(448, 264);24;False
898;(974, 256);33;False
898;(682, 234);35;False
898;(867, 209);42;False
898;(1011, 184);135;False
899;(916, 589);62;False
899;(384, 517);122;False
899;(701, 513);137;False
899;(686, 497);136;False
899;(1045, 392);133;False
899;(388, 371);125;False
899;(689, 353);118;False
899;(923, 347);37;False
899;(1090, 285);51;False
899;(451, 264);24;False
899;(974, 256);33;False
899;(682, 234);35;False
899;(867, 208);42;False
899;(1029, 179);135;True
900;(914, 589);62;False
900;(385, 515);122;False
900;(685, 496);136;False
900;(1041, 393);133;False
900;(388, 374);125;False
900;(689, 352);118;False
900;(923, 345);37;False
900;(1085, 278);51;False
900;(451, 263);24;False
900;(974, 256);33;False
900;(681, 234);35;False
900;(863, 206);42;False
900;(1048, 172);135;True
901;(915, 589);62;False
901;(385, 515);122;False
901;(685, 496);136;False
901;(1040, 394);133;False
901;(388, 377);125;False
901;(688, 352);118;False
901;(923, 345);37;False
901;(1084, 273);51;False
901;(453, 262);24;False
901;(974, 256);33;False
901;(680, 234);35;False
901;(863, 205);42;False
901;(1056, 170);135;True
902;(912, 586);62;False
902;(384, 515);122;False
902;(684, 491);136;False
902;(1037, 395);133;False
902;(388, 378);125;False
902;(688, 352);118;False
902;(922, 344);37;False
902;(1084, 269);51;False
902;(453, 262);24;False
902;(973, 257);33;False
902;(680, 234);35;False
902;(865, 205);42;False
902;(1075, 166);135;True
903;(912, 597);62;False
903;(909, 584);138;False
903;(385, 512);122;False
903;(683, 494);136;False
903;(1036, 396);133;False
903;(388, 380);125;False
903;(688, 353);118;False
903;(916, 343);37;False
903;(1084, 261);51;False
903;(454, 262);24;False
903;(974, 255);33;False
903;(678, 235);35;False
903;(865, 201);42;False
903;(1095, 160);135;True
904;(913, 583);62;False
904;(385, 514);122;False
904;(682, 496);136;False
904;(1036, 397);133;False
904;(387, 381);125;False
904;(688, 354);118;False
904;(913, 342);37;False
904;(1084, 259);51;False
904;(454, 261);24;False
904;(974, 254);33;False
904;(677, 235);35;False
904;(865, 200);42;False
904;(1106, 158);135;True
905;(915, 581);62;False
905;(385, 514);122;False
905;(680, 501);136;False
905;(1036, 398);133;False
905;(388, 381);125;False
905;(688, 355);118;False
905;(909, 341);37;False
905;(1084, 256);51;False
905;(455, 261);24;False
905;(973, 253);33;False
905;(672, 235);35;False
905;(861, 197);42;False
905;(1126, 155);135;True
906;(911, 581);62;False
906;(385, 514);122;False
906;(680, 503);136;False
906;(1036, 400);133;False
906;(397, 412);139;False
906;(390, 381);125;False
906;(688, 357);118;False
906;(903, 341);37;False
906;(456, 262);24;False
906;(1079, 257);51;False
906;(974, 252);33;False
906;(669, 235);35;False
906;(867, 195);42;False
906;(1143, 151);135;True
907;(915, 581);62;False
907;(385, 514);122;False
907;(678, 504);136;False
907;(1037, 400);133;False
907;(390, 381);125;False
907;(688, 357);118;False
907;(900, 342);37;False
907;(456, 261);24;False
907;(1073, 258);51;False
907;(974, 252);33;False
907;(667, 234);35;False
907;(859, 195);42;False
907;(1152, 149);135;True
908;(902, 582);62;False
908;(385, 515);122;False
908;(672, 504);136;False
908;(1027, 403);133;False
908;(390, 384);125;False
908;(688, 360);118;False
908;(896, 343);37;False
908;(456, 262);24;False
908;(974, 253);33;False
908;(1063, 258);51;False
908;(664, 233);35;False
908;(866, 193);42;False
908;(1171, 147);135;True
909;(900, 589);62;False
909;(385, 515);122;False
909;(667, 507);136;False
909;(1018, 406);133;False
909;(397, 413);140;False
909;(390, 395);125;False
909;(688, 359);118;False
909;(885, 342);37;False
909;(457, 262);24;False
909;(974, 256);33;False
909;(1050, 256);51;False
909;(662, 232);35;False
909;(856, 192);42;False
909;(1190, 146);135;False
910;(899, 589);62;False
910;(385, 516);122;False
910;(664, 507);136;False
910;(1030, 406);133;False
910;(397, 421);140;False
910;(390, 398);125;False
910;(688, 360);118;False
910;(884, 342);37;False
910;(457, 264);24;False
910;(974, 256);51;False
910;(661, 231);35;False
910;(864, 190);42;False
910;(1199, 146);135;True
911;(897, 589);62;False
911;(384, 517);122;False
911;(659, 507);136;False
911;(390, 399);125;False
911;(1027, 408);133;False
911;(688, 360);118;False
911;(870, 341);37;False
911;(456, 264);24;False
911;(974, 253);51;False
911;(660, 231);35;False
911;(864, 189);42;False
911;(1217, 147);135;True
912;(912, 590);62;False
912;(895, 589);141;False
912;(385, 517);122;False
912;(656, 507);136;False
912;(391, 400);125;False
912;(1011, 408);133;False
912;(688, 361);118;False
912;(862, 339);37;False
912;(456, 266);24;False
912;(978, 249);51;False
912;(659, 230);35;False
912;(853, 190);42;False
912;(1234, 150);135;True
913;(911, 589);62;False
913;(894, 589);141;False
913;(386, 518);122;False
913;(655, 507);136;False
913;(390, 400);125;False
913;(1011, 408);133;False
913;(688, 362);118;False
913;(859, 338);37;False
913;(457, 267);24;False
913;(990, 247);51;False
913;(657, 230);35;False
913;(864, 192);42;False
913;(1242, 152);135;True
914;(905, 594);62;False
914;(891, 589);141;False
914;(386, 518);122;False
914;(655, 509);136;False
914;(393, 401);125;False
914;(1011, 408);133;False
914;(688, 365);118;False
914;(857, 334);37;False
914;(457, 269);24;False
914;(995, 245);51;False
914;(654, 230);35;False
914;(864, 193);42;False
914;(1254, 156);135;True
915;(901, 589);62;False
915;(386, 519);122;False
915;(656, 512);136;False
915;(394, 401);125;False
915;(1011, 405);133;False
915;(688, 370);118;False
915;(857, 332);37;False
915;(455, 271);24;False
915;(973, 243);51;False
915;(650, 232);35;False
915;(862, 192);42;False
915;(1266, 161);135;True
916;(900, 589);62;False
916;(386, 519);122;False
916;(654, 512);136;False
916;(394, 401);125;False
916;(1011, 405);133;False
916;(688, 373);118;False
916;(857, 332);37;False
916;(454, 272);24;False
916;(973, 242);51;False
916;(648, 232);35;False
916;(859, 192);42;False
916;(1269, 165);135;True
917;(896, 589);62;False
917;(386, 519);122;False
917;(648, 515);136;False
917;(395, 402);125;False
917;(1011, 403);133;False
917;(688, 376);118;False
917;(857, 328);37;False
917;(452, 275);24;False
917;(973, 242);51;False
917;(645, 230);35;False
917;(850, 191);42;False
917;(1280, 173);135;True
918;(885, 573);62;False
918;(386, 520);122;False
918;(643, 509);136;False
918;(396, 403);125;False
918;(1009, 402);133;False
918;(688, 376);118;False
918;(851, 330);37;False
918;(451, 278);24;False
918;(973, 240);51;False
918;(641, 229);35;False
918;(858, 191);42;False
918;(1285, 181);135;True
919;(885, 588);62;False
919;(387, 520);122;False
919;(640, 512);136;False
919;(396, 403);125;False
919;(1003, 403);133;False
919;(688, 377);118;False
919;(848, 333);37;False
919;(450, 282);24;False
919;(973, 239);51;False
919;(640, 228);35;False
919;(859, 189);42;False
919;(1286, 186);135;True
920;(885, 588);62;False
920;(387, 528);122;False
920;(635, 508);136;False
920;(397, 403);125;False
920;(998, 400);133;False
920;(688, 377);118;False
920;(832, 336);37;False
920;(449, 284);24;False
920;(973, 236);51;False
920;(634, 227);35;False
920;(853, 189);42;False
920;(1288, 196);135;True
921;(885, 587);62;False
921;(387, 520);122;False
921;(629, 509);136;False
921;(397, 405);125;False
921;(990, 397);133;False
921;(688, 378);118;False
921;(819, 340);37;False
921;(447, 285);24;False
921;(973, 231);51;False
921;(630, 226);35;False
921;(849, 188);42;False
921;(1288, 208);135;True
922;(885, 589);62;False
922;(387, 522);122;False
922;(627, 509);136;False
922;(396, 405);125;False
922;(989, 396);133;False
922;(688, 379);118;False
922;(814, 341);37;False
922;(445, 286);24;False
922;(973, 230);51;False
922;(628, 225);35;False
922;(859, 188);42;False
922;(1285, 213);135;True
923;(885, 589);62;False
923;(387, 522);122;False
923;(623, 508);136;False
923;(397, 406);125;False
923;(985, 395);133;False
923;(688, 379);118;False
923;(808, 345);37;False
923;(442, 288);24;False
923;(973, 226);51;False
923;(624, 224);35;False
923;(1280, 226);135;True
923;(848, 187);42;False
924;(885, 591);62;False
924;(388, 535);122;False
924;(618, 507);136;False
924;(397, 407);125;False
924;(983, 395);133;False
924;(688, 379);118;False
924;(804, 347);37;False
924;(441, 289);24;False
924;(973, 283);142;False
924;(1014, 222);51;False
924;(619, 224);35;False
924;(1272, 238);135;True
924;(847, 187);42;False
925;(885, 589);62;False
925;(388, 535);122;False
925;(615, 508);136;False
925;(397, 408);125;False
925;(982, 395);133;False
925;(688, 380);118;False
925;(803, 347);37;False
925;(440, 289);24;False
925;(973, 284);142;False
925;(1013, 221);51;False
925;(1269, 246);135;False
925;(617, 222);35;False
925;(848, 187);42;False
926;(885, 595);62;False
926;(389, 530);122;False
926;(609, 509);136;False
926;(397, 408);125;False
926;(981, 395);133;False
926;(688, 380);118;False
926;(803, 349);37;False
926;(973, 286);142;False
926;(438, 290);24;False
926;(1260, 259);135;True
926;(1013, 219);51;False
926;(611, 220);35;False
926;(847, 187);42;False
927;(885, 582);62;False
927;(390, 528);122;False
927;(603, 510);136;False
927;(398, 410);125;False
927;(979, 395);133;False
927;(689, 382);118;False
927;(803, 351);37;False
927;(973, 289);142;False
927;(437, 291);24;False
927;(1249, 273);135;False
927;(1013, 218);51;False
927;(603, 219);35;False
927;(842, 187);42;False
928;(885, 597);62;False
928;(391, 527);122;False
928;(602, 512);136;False
928;(398, 411);125;False
928;(978, 395);133;False
928;(690, 381);118;False
928;(802, 352);37;False
928;(973, 291);142;False
928;(435, 291);24;False
928;(1244, 277);135;False
928;(1013, 219);51;False
928;(600, 219);35;False
928;(842, 187);42;False
929;(884, 596);62;False
929;(393, 525);122;False
929;(596, 512);136;False
929;(398, 413);125;False
929;(971, 390);133;False
929;(690, 391);118;False
929;(797, 354);37;False
929;(973, 294);142;False
929;(433, 292);24;False
929;(1229, 290);135;False
929;(1014, 219);51;False
929;(595, 219);35;False
929;(841, 188);42;False
930;(880, 597);62;False
930;(395, 524);122;False
930;(592, 512);136;False
930;(399, 414);125;False
930;(968, 386);133;False
930;(691, 392);118;False
930;(784, 355);37;False
930;(973, 298);142;False
930;(430, 294);24;False
930;(1216, 305);135;True
930;(1014, 221);51;False
930;(592, 218);35;False
930;(843, 188);42;False
931;(882, 597);62;False
931;(396, 523);122;False
931;(591, 511);136;False
931;(399, 415);125;False
931;(968, 385);133;False
931;(693, 393);118;False
931;(780, 355);37;False
931;(973, 299);142;False
931;(429, 294);24;False
931;(1208, 309);135;True
931;(1010, 222);51;False
931;(592, 219);35;False
931;(841, 188);42;False
932;(871, 595);62;False
932;(399, 520);122;False
932;(589, 510);136;False
932;(400, 416);125;False
932;(696, 395);118;False
932;(968, 385);133;False
932;(772, 357);37;False
932;(973, 300);142;False
932;(1192, 320);135;True
932;(427, 294);24;False
932;(1002, 221);51;False
932;(592, 219);35;False
932;(840, 189);42;False
933;(870, 594);62;False
933;(400, 519);122;False
933;(587, 512);136;False
933;(399, 417);125;False
933;(696, 387);118;False
933;(968, 387);133;False
933;(768, 358);37;False
933;(1177, 332);135;False
933;(972, 304);142;False
933;(425, 294);24;False
933;(992, 220);51;False
933;(589, 220);35;False
933;(840, 192);42;False
934;(872, 597);62;False
934;(401, 519);122;False
934;(585, 512);136;False
934;(399, 418);125;False
934;(696, 387);118;False
934;(968, 388);133;False
934;(766, 359);37;False
934;(1169, 336);135;True
934;(972, 301);142;False
934;(424, 294);24;False
934;(988, 219);51;False
934;(588, 220);35;False
934;(840, 193);42;False
935;(871, 598);62;False
935;(401, 516);122;False
935;(582, 512);136;False
935;(400, 417);125;False
935;(697, 388);118;False
935;(968, 389);133;False
935;(765, 360);37;False
935;(1152, 346);135;True
935;(973, 301);142;False
935;(422, 295);24;False
935;(979, 218);51;False
935;(585, 220);35;False
935;(842, 194);42;False
936;(870, 597);62;False
936;(401, 511);122;False
936;(580, 512);136;False
936;(399, 416);125;False
936;(970, 391);133;False
936;(697, 389);118;False
936;(765, 361);37;False
936;(1138, 354);135;True
936;(976, 304);142;False
936;(421, 295);24;False
936;(991, 216);51;False
936;(839, 195);42;False
936;(582, 219);35;False
937;(870, 597);62;False
937;(401, 508);122;False
937;(579, 511);136;False
937;(399, 412);125;False
937;(973, 393);133;False
937;(697, 389);118;False
937;(765, 362);37;False
937;(1128, 358);135;True
937;(980, 308);142;False
937;(419, 295);24;False
937;(971, 216);51;False
937;(581, 219);35;False
937;(844, 196);42;False
938;(870, 595);62;False
938;(402, 506);122;False
938;(576, 513);136;False
938;(399, 416);125;False
938;(984, 397);133;False
938;(698, 390);118;False
938;(765, 363);37;False
938;(1114, 366);135;True
938;(992, 314);142;False
938;(418, 295);24;False
938;(986, 216);51;False
938;(578, 219);35;False
938;(842, 198);42;False
939;(870, 597);62;False
939;(400, 505);122;False
939;(576, 518);136;False
939;(400, 412);125;False
939;(986, 400);133;False
939;(698, 390);118;False
939;(765, 363);37;False
939;(1101, 373);135;True
939;(995, 321);142;False
939;(417, 295);24;False
939;(967, 217);51;False
939;(576, 218);35;False
939;(839, 200);42;False
940;(870, 597);62;False
940;(400, 504);122;False
940;(574, 520);136;False
940;(400, 418);125;False
940;(986, 400);133;False
940;(699, 390);118;False
940;(765, 364);37;False
940;(1091, 377);135;False
940;(996, 325);142;False
940;(416, 295);24;False
940;(967, 218);51;False
940;(575, 217);35;False
940;(839, 202);42;False
941;(866, 594);62;False
941;(398, 503);122;False
941;(572, 525);136;False
941;(400, 415);125;False
941;(986, 400);133;False
941;(699, 390);118;False
941;(765, 365);37;False
941;(1075, 384);135;True
941;(1000, 336);142;False
941;(415, 296);24;False
941;(983, 219);51;False
941;(574, 217);35;False
941;(842, 205);42;False
942;(855, 595);62;False
942;(571, 525);136;False
942;(395, 505);122;False
942;(400, 413);125;False
942;(972, 400);133;False
942;(699, 391);118;False
942;(765, 366);37;False
942;(1063, 389);135;True
942;(1005, 335);142;False
942;(414, 298);24;False
942;(968, 222);51;False
942;(572, 217);35;False
942;(837, 206);42;False
943;(850, 595);62;False
943;(571, 525);136;False
943;(394, 501);122;False
943;(400, 402);125;False
943;(968, 400);133;False
943;(700, 390);118;False
943;(765, 366);37;False
943;(1056, 392);135;True
943;(1006, 335);142;False
943;(414, 299);24;False
943;(967, 224);51;False
943;(571, 217);35;False
943;(837, 206);42;False
944;(841, 592);62;False
944;(569, 525);136;False
944;(391, 500);122;False
944;(400, 413);125;False
944;(959, 396);133;False
944;(700, 391);118;False
944;(765, 368);37;False
944;(1011, 336);142;False
944;(412, 299);24;False
944;(967, 230);51;False
944;(569, 217);35;False
944;(836, 208);42;False
945;(835, 591);62;False
945;(568, 525);136;False
945;(390, 501);122;False
945;(399, 412);125;False
945;(947, 400);133;False
945;(700, 392);118;False
945;(765, 368);37;False
945;(1013, 338);142;False
945;(411, 300);24;False
945;(967, 232);51;False
945;(569, 217);35;False
945;(839, 208);42;False
946;(833, 591);62;False
946;(568, 525);136;False
946;(389, 499);122;False
946;(399, 402);125;False
946;(944, 400);133;False
946;(700, 393);118;False
946;(765, 369);37;False
946;(1014, 339);142;False
946;(410, 300);24;False
946;(967, 231);51;False
946;(569, 217);35;False
946;(836, 209);42;False
947;(832, 590);62;False
947;(568, 525);136;False
947;(387, 499);122;False
947;(399, 402);125;False
947;(936, 343);133;False
947;(700, 394);118;False
947;(765, 370);37;False
947;(409, 303);24;False
947;(968, 232);51;False
947;(567, 216);35;False
947;(829, 211);42;False
948;(832, 589);62;False
948;(568, 525);136;False
948;(387, 499);122;False
948;(399, 402);125;False
948;(931, 401);143;False
948;(701, 395);118;False
948;(764, 371);37;False
948;(1020, 349);133;False
948;(408, 304);24;False
948;(967, 232);51;False
948;(568, 218);35;False
948;(821, 212);42;False
949;(832, 585);62;False
949;(568, 525);136;False
949;(386, 499);122;False
949;(399, 402);125;False
949;(928, 401);143;False
949;(700, 394);118;False
949;(764, 371);37;False
949;(1021, 352);133;False
949;(407, 307);24;False
949;(967, 231);51;False
949;(567, 218);35;False
949;(818, 213);42;False
950;(832, 588);62;False
950;(569, 525);136;False
950;(385, 499);122;False
950;(399, 402);125;False
950;(925, 401);143;False
950;(699, 395);118;False
950;(762, 371);37;False
950;(1021, 363);133;False
950;(407, 307);24;False
950;(960, 231);51;False
950;(567, 218);35;False
950;(813, 215);42;False
951;(832, 587);62;False
951;(569, 525);136;False
951;(384, 499);122;False
951;(398, 402);125;False
951;(922, 401);143;False
951;(699, 397);118;True
951;(758, 371);37;False
951;(1021, 372);133;False
951;(405, 309);24;False
951;(948, 231);51;False
951;(811, 216);42;False
951;(566, 218);35;False
952;(832, 582);62;False
952;(569, 525);136;False
952;(384, 499);122;False
952;(398, 402);125;False
952;(921, 401);143;False
952;(699, 397);118;True
952;(756, 371);37;False
952;(1021, 377);133;False
952;(405, 310);24;False
952;(944, 230);51;False
952;(809, 217);42;False
952;(566, 218);35;False
953;(832, 585);62;False
953;(570, 525);136;False
953;(384, 499);122;False
953;(398, 402);125;False
953;(922, 402);143;False
953;(1021, 388);133;False
953;(698, 397);118;False
953;(755, 371);37;False
953;(904, 402);144;True
953;(403, 310);24;False
953;(935, 230);51;False
953;(809, 218);42;False
953;(566, 219);35;False
954;(831, 581);62;False
954;(571, 525);136;False
954;(384, 499);122;False
954;(398, 402);125;False
954;(924, 403);143;False
954;(1021, 391);133;False
954;(698, 398);118;False
954;(755, 371);37;False
954;(885, 403);144;True
954;(403, 312);24;False
954;(930, 230);51;False
954;(809, 217);42;False
954;(566, 219);35;False
955;(827, 579);62;False
955;(571, 525);136;False
955;(384, 497);122;False
955;(399, 402);125;False
955;(924, 403);143;False
955;(1022, 392);133;False
955;(697, 397);118;False
955;(755, 372);37;False
955;(870, 403);144;True
955;(402, 312);24;False
955;(930, 230);51;False
955;(809, 218);42;False
955;(566, 219);35;False
956;(818, 576);62;False
956;(571, 525);136;False
956;(384, 496);122;False
956;(400, 402);125;False
956;(1023, 394);133;False
956;(924, 405);143;False
956;(698, 397);118;False
956;(755, 373);37;False
956;(846, 403);144;True
956;(401, 311);24;False
956;(928, 230);51;False
956;(809, 219);42;False
956;(566, 219);35;False
957;(809, 573);62;False
957;(571, 526);136;False
957;(384, 495);122;False
957;(1024, 398);133;False
957;(399, 402);125;False
957;(924, 405);143;False
957;(697, 397);118;False
957;(826, 403);144;True
957;(756, 373);37;False
957;(400, 312);24;False
957;(928, 230);51;False
957;(808, 219);42;False
957;(566, 219);35;False
958;(806, 573);62;False
958;(571, 527);136;False
958;(383, 495);122;False
958;(1024, 400);133;False
958;(400, 402);125;False
958;(924, 405);143;False
958;(697, 397);118;False
958;(819, 405);144;True
958;(756, 374);37;False
958;(400, 312);24;False
958;(928, 230);51;False
958;(808, 221);42;False
958;(566, 219);35;False
959;(802, 573);62;False
959;(572, 528);136;False
959;(383, 498);122;False
959;(1024, 404);133;False
959;(398, 402);125;False
959;(924, 405);143;False
959;(698, 397);118;False
959;(793, 405);144;True
959;(755, 374);37;False
959;(400, 312);24;False
959;(928, 229);51;False
959;(806, 221);42;False
959;(566, 219);35;False
960;(799, 571);62;False
960;(572, 528);136;False
960;(382, 499);122;False
960;(1024, 411);133;False
960;(398, 402);125;False
960;(924, 405);143;False
960;(698, 397);118;True
960;(755, 376);37;False
960;(399, 312);24;False
960;(928, 229);51;False
960;(803, 222);42;False
960;(566, 220);35;False
961;(798, 571);62;False
961;(571, 528);136;False
961;(381, 497);122;False
961;(1023, 415);133;False
961;(399, 402);125;False
961;(924, 405);143;False
961;(698, 397);118;False
961;(756, 376);37;False
961;(399, 311);24;False
961;(800, 224);42;False
961;(928, 230);51;False
961;(566, 221);35;False
962;(798, 571);62;False
962;(571, 525);136;False
962;(381, 497);122;False
962;(1021, 424);133;False
962;(399, 403);125;False
962;(925, 405);143;False
962;(698, 397);118;False
962;(743, 405);145;True
962;(755, 376);37;False
962;(398, 312);24;False
962;(797, 224);42;False
962;(928, 230);51;False
962;(566, 222);35;False
963;(798, 571);62;False
963;(571, 521);136;False
963;(379, 497);122;False
963;(1017, 433);133;False
963;(402, 405);125;False
963;(928, 403);143;False
963;(699, 395);118;False
963;(727, 405);145;True
963;(755, 376);37;False
963;(397, 312);24;False
963;(790, 226);42;False
963;(928, 230);51;False
963;(566, 223);35;False
964;(798, 571);62;False
964;(571, 518);136;False
964;(379, 498);122;False
964;(1016, 438);133;False
964;(403, 405);125;False
964;(928, 402);143;False
964;(698, 394);118;False
964;(755, 377);37;False
964;(397, 312);24;False
964;(787, 227);42;False
964;(928, 230);51;False
964;(566, 224);35;False
965;(798, 571);62;False
965;(571, 517);136;False
965;(379, 498);122;False
965;(1011, 443);133;False
965;(406, 405);125;False
965;(931, 401);143;False
965;(697, 393);118;False
965;(755, 377);37;False
965;(397, 312);24;False
965;(782, 229);42;False
965;(928, 231);51;False
965;(566, 225);35;False
966;(797, 571);62;False
966;(571, 515);136;False
966;(379, 497);122;False
966;(1003, 448);133;False
966;(408, 403);125;False
966;(933, 400);143;False
966;(679, 392);118;False
966;(754, 376);37;False
966;(397, 312);24;False
966;(928, 231);51;False
966;(780, 230);42;False
966;(566, 227);35;False
967;(795, 570);62;False
967;(570, 514);136;False
967;(379, 497);122;False
967;(1001, 449);133;False
967;(410, 403);125;False
967;(934, 400);143;False
967;(697, 391);118;False
967;(671, 409);146;True
967;(753, 375);37;False
967;(397, 312);24;False
967;(928, 232);51;False
967;(779, 231);42;False
967;(565, 227);35;False
968;(789, 566);62;False
968;(571, 514);136;False
968;(379, 501);122;False
968;(994, 453);133;False
968;(421, 403);125;False
968;(934, 399);143;False
968;(696, 388);118;False
968;(655, 409);146;True
968;(752, 374);37;False
968;(397, 311);24;False
968;(921, 233);51;False
968;(778, 232);42;False
968;(565, 229);35;False
969;(788, 560);62;False
969;(569, 512);136;False
969;(379, 497);122;False
969;(990, 458);133;False
969;(421, 405);125;False
969;(934, 400);143;False
969;(696, 384);118;False
969;(640, 410);146;True
969;(752, 374);37;False
969;(397, 312);24;False
969;(916, 234);51;False
969;(779, 235);42;False
969;(565, 230);35;False
970;(788, 568);62;False
970;(569, 512);136;False
970;(379, 498);122;False
970;(987, 459);133;False
970;(419, 406);125;False
970;(934, 400);143;False
970;(694, 384);118;False
970;(634, 410);146;True
970;(752, 373);37;False
970;(397, 312);24;False
970;(914, 235);51;False
970;(779, 236);42;False
970;(565, 230);35;False
971;(783, 552);62;False
971;(569, 512);136;False
971;(379, 498);122;False
971;(987, 464);133;False
971;(422, 406);125;False
971;(934, 401);143;False
971;(692, 383);118;False
971;(618, 411);146;True
971;(750, 371);37;False
971;(397, 311);24;False
971;(912, 236);51;False
971;(779, 238);42;False
971;(565, 230);35;False
972;(782, 550);62;False
972;(569, 512);136;False
972;(379, 499);122;False
972;(987, 469);133;False
972;(424, 405);125;False
972;(934, 402);143;False
972;(691, 382);118;False
972;(605, 411);146;True
972;(750, 371);37;False
972;(397, 312);24;False
972;(911, 238);51;False
972;(779, 238);42;False
972;(565, 230);35;False
973;(782, 550);62;False
973;(569, 512);136;False
973;(379, 499);122;False
973;(987, 470);133;False
973;(427, 404);125;False
973;(934, 402);143;False
973;(691, 382);118;False
973;(600, 410);146;True
973;(750, 371);37;False
973;(397, 312);24;False
973;(911, 239);51;False
973;(777, 240);42;False
973;(565, 230);35;False
974;(782, 550);62;False
974;(569, 512);136;False
974;(379, 500);122;False
974;(987, 474);133;False
974;(934, 402);143;False
974;(434, 402);125;False
974;(689, 383);118;False
974;(588, 412);146;True
974;(750, 370);37;False
974;(397, 312);24;False
974;(911, 241);51;False
974;(776, 240);42;False
974;(565, 232);35;False
975;(781, 550);62;False
975;(569, 512);136;False
975;(379, 501);122;False
975;(987, 477);133;False
975;(935, 401);143;False
975;(445, 400);125;False
975;(688, 383);118;False
975;(578, 412);146;True
975;(750, 368);37;False
975;(397, 311);24;False
975;(911, 242);51;False
975;(773, 243);42;False
975;(565, 232);35;False
976;(781, 550);62;False
976;(570, 512);136;False
976;(379, 501);122;False
976;(987, 478);133;False
976;(936, 400);143;False
976;(448, 400);125;False
976;(688, 379);118;False
976;(573, 413);146;True
976;(750, 368);37;False
976;(396, 312);24;False
976;(910, 242);51;False
976;(769, 243);42;False
976;(565, 232);35;False
977;(779, 550);62;False
977;(571, 512);136;False
977;(379, 502);122;False
977;(984, 480);133;False
977;(938, 400);143;False
977;(453, 399);125;False
977;(685, 376);118;False
977;(750, 368);37;False
977;(396, 311);24;False
977;(910, 243);51;False
977;(763, 243);42;False
977;(565, 232);35;False
978;(776, 550);62;False
978;(571, 512);136;False
978;(379, 501);122;False
978;(973, 483);133;False
978;(939, 400);143;False
978;(458, 400);125;False
978;(683, 375);118;False
978;(750, 368);37;False
978;(395, 312);24;False
978;(910, 244);51;False
978;(758, 245);42;False
978;(565, 233);35;False
979;(771, 550);62;False
979;(571, 512);136;False
979;(378, 501);122;False
979;(967, 483);133;False
979;(939, 400);143;False
979;(458, 400);125;False
979;(681, 383);118;False
979;(550, 413);147;True
979;(750, 370);37;False
979;(396, 312);24;False
979;(910, 245);51;False
979;(755, 245);42;False
979;(565, 234);35;False
980;(763, 550);62;False
980;(573, 512);136;False
980;(378, 502);122;False
980;(959, 485);133;False
980;(939, 400);143;False
980;(462, 402);125;False
980;(541, 414);147;True
980;(677, 384);118;False
980;(748, 371);37;False
980;(395, 312);24;False
980;(755, 245);42;False
980;(911, 246);51;False
980;(565, 236);35;False
981;(758, 549);62;False
981;(574, 512);136;False
981;(377, 501);122;False
981;(953, 487);133;False
981;(939, 400);143;False
981;(466, 404);125;False
981;(531, 414);147;True
981;(747, 371);37;False
981;(675, 383);118;False
981;(395, 312);24;False
981;(752, 245);42;False
981;(911, 246);51;False
981;(564, 238);35;False
982;(755, 548);62;False
982;(574, 512);136;False
982;(377, 502);122;False
982;(952, 489);133;False
982;(939, 402);143;False
982;(467, 405);125;False
982;(527, 414);147;True
982;(746, 369);37;False
982;(674, 384);118;False
982;(395, 312);24;False
982;(750, 245);42;False
982;(909, 245);51;False
982;(564, 239);35;False
983;(752, 546);62;False
983;(576, 512);136;False
983;(376, 499);122;False
983;(952, 490);133;False
983;(939, 409);143;False
983;(469, 405);125;False
983;(746, 366);37;False
983;(517, 415);147;True
983;(674, 382);118;False
983;(394, 311);24;False
983;(747, 245);42;False
983;(902, 246);51;False
983;(563, 240);35;False
984;(752, 544);62;False
984;(577, 512);136;False
984;(375, 500);122;False
984;(952, 491);133;False
984;(939, 408);143;False
984;(747, 361);37;False
984;(470, 405);125;False
984;(672, 382);118;False
984;(392, 307);24;False
984;(745, 245);42;False
984;(896, 246);51;False
984;(563, 243);35;False
985;(752, 546);62;False
985;(578, 512);136;False
985;(374, 500);122;False
985;(952, 491);133;False
985;(939, 411);143;False
985;(749, 359);37;False
985;(470, 405);125;True
985;(671, 381);118;False
985;(392, 304);24;False
985;(895, 246);51;False
985;(745, 245);42;False
985;(563, 243);35;False
986;(751, 546);62;False
986;(579, 513);136;False
986;(373, 500);122;False
986;(952, 493);133;False
986;(749, 354);37;False
986;(939, 414);143;False
986;(470, 404);125;False
986;(669, 381);118;False
986;(390, 301);24;False
986;(890, 246);51;False
986;(563, 244);35;False
986;(745, 245);42;False
987;(751, 540);62;False
987;(579, 515);136;False
987;(371, 500);122;False
987;(952, 495);133;False
987;(749, 352);37;False
987;(939, 414);143;False
987;(472, 404);125;False
987;(667, 379);118;False
987;(387, 299);24;False
987;(887, 246);51;False
987;(563, 245);35;False
987;(748, 246);42;False
988;(751, 541);62;False
988;(579, 515);136;False
988;(371, 497);122;False
988;(952, 496);133;False
988;(749, 352);37;False
988;(472, 404);125;False
988;(939, 414);143;False
988;(665, 379);118;False
988;(386, 298);24;False
988;(887, 246);51;False
988;(563, 246);35;False
988;(748, 246);42;False
989;(751, 545);62;False
989;(580, 517);136;False
989;(369, 499);122;False
989;(951, 496);133;False
989;(750, 353);37;False
989;(473, 404);125;False
989;(939, 414);143;False
989;(663, 378);118;False
989;(382, 298);24;False
989;(887, 246);51;False
989;(563, 246);35;False
989;(751, 246);42;False
990;(750, 546);62;False
990;(580, 518);136;False
990;(367, 499);122;False
990;(941, 496);133;False
990;(750, 355);37;False
990;(475, 404);125;False
990;(939, 414);143;False
990;(661, 376);118;False
990;(379, 300);24;False
990;(887, 245);51;False
990;(751, 246);42;False
990;(563, 246);35;False
